<?xml version="1.0" encoding="UTF-8"?>
<testng-results total="1" passed="1" failed="0" skipped="0">
  <reporter-output>
  </reporter-output>
  <suite started-at="2024-03-17T04:36:35Z" name="Default suite" finished-at="2024-03-17T04:36:37Z" duration-ms="2759">
    <groups>
    </groups>
    <test started-at="2024-03-17T04:36:35Z" name="Default test" finished-at="2024-03-17T04:36:37Z" duration-ms="2759">
      <class name="getRequest.TC4_Get_Data">
        <test-method signature="printheadersandvalue()[pri:0, instance:getRequest.TC4_Get_Data@8e50104]" started-at="2024-03-17T10:06:35Z" name="printheadersandvalue" finished-at="2024-03-17T10:06:37Z" duration-ms="2748" status="PASS">
          <reporter-output>
          </reporter-output>
        </test-method> <!-- printheadersandvalue -->
      </class> <!-- getRequest.TC4_Get_Data -->
    </test> <!-- Default test -->
  </suite> <!-- Default suite -->
</testng-results>
